Start testing: Sep 08 20:59 India Standard Time
----------------------------------------------------------
1/8 Testing: candle_test
1/8 Test: candle_test
Command: "C:/Users/sonu/Desktop/Quant/p1/build/candle_test.exe"
Directory: C:/Users/sonu/Desktop/Quant/p1/build
"candle_test" start time: Sep 08 20:59 India Standard Time
Output:
----------------------------------------------------------
<end of output>
Test time =   0.05 sec
----------------------------------------------------------
Test Passed.
"candle_test" end time: Sep 08 20:59 India Standard Time
"candle_test" time elapsed: 00:00:00
----------------------------------------------------------

2/8 Testing: time_series_test
2/8 Test: time_series_test
Command: "C:/Users/sonu/Desktop/Quant/p1/build/time_series_test.exe"
Directory: C:/Users/sonu/Desktop/Quant/p1/build
"time_series_test" start time: Sep 08 20:59 India Standard Time
Output:
----------------------------------------------------------
<end of output>
Test time =   0.08 sec
----------------------------------------------------------
Test Passed.
"time_series_test" end time: Sep 08 20:59 India Standard Time
"time_series_test" time elapsed: 00:00:00
----------------------------------------------------------

3/8 Testing: returns_test
3/8 Test: returns_test
Command: "C:/Users/sonu/Desktop/Quant/p1/build/returns_test.exe"
Directory: C:/Users/sonu/Desktop/Quant/p1/build
"returns_test" start time: Sep 08 20:59 India Standard Time
Output:
----------------------------------------------------------
<end of output>
Test time =   0.09 sec
----------------------------------------------------------
Test Passed.
"returns_test" end time: Sep 08 20:59 India Standard Time
"returns_test" time elapsed: 00:00:00
----------------------------------------------------------

4/8 Testing: statistics_test
4/8 Test: statistics_test
Command: "C:/Users/sonu/Desktop/Quant/p1/build/statistics_test.exe"
Directory: C:/Users/sonu/Desktop/Quant/p1/build
"statistics_test" start time: Sep 08 20:59 India Standard Time
Output:
----------------------------------------------------------
<end of output>
Test time =   0.08 sec
----------------------------------------------------------
Test Passed.
"statistics_test" end time: Sep 08 20:59 India Standard Time
"statistics_test" time elapsed: 00:00:00
----------------------------------------------------------

5/8 Testing: covariance_test
5/8 Test: covariance_test
Command: "C:/Users/sonu/Desktop/Quant/p1/build/covariance_test.exe"
Directory: C:/Users/sonu/Desktop/Quant/p1/build
"covariance_test" start time: Sep 08 20:59 India Standard Time
Output:
----------------------------------------------------------
<end of output>
Test time =   0.08 sec
----------------------------------------------------------
Test Passed.
"covariance_test" end time: Sep 08 20:59 India Standard Time
"covariance_test" time elapsed: 00:00:00
----------------------------------------------------------

6/8 Testing: regression_test
6/8 Test: regression_test
Command: "C:/Users/sonu/Desktop/Quant/p1/build/regression_test.exe"
Directory: C:/Users/sonu/Desktop/Quant/p1/build
"regression_test" start time: Sep 08 20:59 India Standard Time
Output:
----------------------------------------------------------
<end of output>
Test time =   0.08 sec
----------------------------------------------------------
Test Passed.
"regression_test" end time: Sep 08 20:59 India Standard Time
"regression_test" time elapsed: 00:00:00
----------------------------------------------------------

7/8 Testing: stationarity_test
7/8 Test: stationarity_test
Command: "C:/Users/sonu/Desktop/Quant/p1/build/stationarity_test.exe"
Directory: C:/Users/sonu/Desktop/Quant/p1/build
"stationarity_test" start time: Sep 08 20:59 India Standard Time
Output:
----------------------------------------------------------
<end of output>
Test time =   0.09 sec
----------------------------------------------------------
Test Passed.
"stationarity_test" end time: Sep 08 20:59 India Standard Time
"stationarity_test" time elapsed: 00:00:00
----------------------------------------------------------

8/8 Testing: residuals_test
8/8 Test: residuals_test
Command: "C:/Users/sonu/Desktop/Quant/p1/build/residuals_test.exe"
Directory: C:/Users/sonu/Desktop/Quant/p1/build
"residuals_test" start time: Sep 08 20:59 India Standard Time
Output:
----------------------------------------------------------
<end of output>
Test time =   0.09 sec
----------------------------------------------------------
Test Passed.
"residuals_test" end time: Sep 08 20:59 India Standard Time
"residuals_test" time elapsed: 00:00:00
----------------------------------------------------------

End testing: Sep 08 20:59 India Standard Time
