Start testing: Sep 09 21:09 India Standard Time
----------------------------------------------------------
1/23 Testing: candle_test
1/23 Test: candle_test
Command: "C:/Users/sonu/Desktop/Quant/p1/build/candle_test.exe"
Directory: C:/Users/sonu/Desktop/Quant/p1/build
"candle_test" start time: Sep 09 21:09 India Standard Time
Output:
----------------------------------------------------------
<end of output>
Test time =   0.05 sec
----------------------------------------------------------
Test Passed.
"candle_test" end time: Sep 09 21:09 India Standard Time
"candle_test" time elapsed: 00:00:00
----------------------------------------------------------

2/23 Testing: time_series_test
2/23 Test: time_series_test
Command: "C:/Users/sonu/Desktop/Quant/p1/build/time_series_test.exe"
Directory: C:/Users/sonu/Desktop/Quant/p1/build
"time_series_test" start time: Sep 09 21:09 India Standard Time
Output:
----------------------------------------------------------
<end of output>
Test time =   0.08 sec
----------------------------------------------------------
Test Passed.
"time_series_test" end time: Sep 09 21:09 India Standard Time
"time_series_test" time elapsed: 00:00:00
----------------------------------------------------------

3/23 Testing: returns_test
3/23 Test: returns_test
Command: "C:/Users/sonu/Desktop/Quant/p1/build/returns_test.exe"
Directory: C:/Users/sonu/Desktop/Quant/p1/build
"returns_test" start time: Sep 09 21:09 India Standard Time
Output:
----------------------------------------------------------
<end of output>
Test time =   0.09 sec
----------------------------------------------------------
Test Passed.
"returns_test" end time: Sep 09 21:09 India Standard Time
"returns_test" time elapsed: 00:00:00
----------------------------------------------------------

4/23 Testing: statistics_test
4/23 Test: statistics_test
Command: "C:/Users/sonu/Desktop/Quant/p1/build/statistics_test.exe"
Directory: C:/Users/sonu/Desktop/Quant/p1/build
"statistics_test" start time: Sep 09 21:09 India Standard Time
Output:
----------------------------------------------------------
<end of output>
Test time =   0.09 sec
----------------------------------------------------------
Test Passed.
"statistics_test" end time: Sep 09 21:09 India Standard Time
"statistics_test" time elapsed: 00:00:00
----------------------------------------------------------

5/23 Testing: covariance_test
5/23 Test: covariance_test
Command: "C:/Users/sonu/Desktop/Quant/p1/build/covariance_test.exe"
Directory: C:/Users/sonu/Desktop/Quant/p1/build
"covariance_test" start time: Sep 09 21:09 India Standard Time
Output:
----------------------------------------------------------
<end of output>
Test time =   0.09 sec
----------------------------------------------------------
Test Passed.
"covariance_test" end time: Sep 09 21:09 India Standard Time
"covariance_test" time elapsed: 00:00:00
----------------------------------------------------------

6/23 Testing: regression_test
6/23 Test: regression_test
Command: "C:/Users/sonu/Desktop/Quant/p1/build/regression_test.exe"
Directory: C:/Users/sonu/Desktop/Quant/p1/build
"regression_test" start time: Sep 09 21:09 India Standard Time
Output:
----------------------------------------------------------
<end of output>
Test time =   0.09 sec
----------------------------------------------------------
Test Passed.
"regression_test" end time: Sep 09 21:09 India Standard Time
"regression_test" time elapsed: 00:00:00
----------------------------------------------------------

7/23 Testing: stationarity_test
7/23 Test: stationarity_test
Command: "C:/Users/sonu/Desktop/Quant/p1/build/stationarity_test.exe"
Directory: C:/Users/sonu/Desktop/Quant/p1/build
"stationarity_test" start time: Sep 09 21:09 India Standard Time
Output:
----------------------------------------------------------
<end of output>
Test time =   0.09 sec
----------------------------------------------------------
Test Passed.
"stationarity_test" end time: Sep 09 21:09 India Standard Time
"stationarity_test" time elapsed: 00:00:00
----------------------------------------------------------

8/23 Testing: residuals_test
8/23 Test: residuals_test
Command: "C:/Users/sonu/Desktop/Quant/p1/build/residuals_test.exe"
Directory: C:/Users/sonu/Desktop/Quant/p1/build
"residuals_test" start time: Sep 09 21:09 India Standard Time
Output:
----------------------------------------------------------
<end of output>
Test time =   0.09 sec
----------------------------------------------------------
Test Passed.
"residuals_test" end time: Sep 09 21:09 India Standard Time
"residuals_test" time elapsed: 00:00:00
----------------------------------------------------------

9/23 Testing: dickey_fuller_test
9/23 Test: dickey_fuller_test
Command: "C:/Users/sonu/Desktop/Quant/p1/build/dickey_fuller_test.exe"
Directory: C:/Users/sonu/Desktop/Quant/p1/build
"dickey_fuller_test" start time: Sep 09 21:09 India Standard Time
Output:
----------------------------------------------------------
<end of output>
Test time =   0.09 sec
----------------------------------------------------------
Test Passed.
"dickey_fuller_test" end time: Sep 09 21:09 India Standard Time
"dickey_fuller_test" time elapsed: 00:00:00
----------------------------------------------------------

10/23 Testing: unit_root_test
10/23 Test: unit_root_test
Command: "C:/Users/sonu/Desktop/Quant/p1/build/unit_root_test.exe"
Directory: C:/Users/sonu/Desktop/Quant/p1/build
"unit_root_test" start time: Sep 09 21:09 India Standard Time
Output:
----------------------------------------------------------
<end of output>
Test time =   0.05 sec
----------------------------------------------------------
Test Passed.
"unit_root_test" end time: Sep 09 21:09 India Standard Time
"unit_root_test" time elapsed: 00:00:00
----------------------------------------------------------

11/23 Testing: adf_test
11/23 Test: adf_test
Command: "C:/Users/sonu/Desktop/Quant/p1/build/adf_test.exe"
Directory: C:/Users/sonu/Desktop/Quant/p1/build
"adf_test" start time: Sep 09 21:09 India Standard Time
Output:
----------------------------------------------------------
<end of output>
Test time =   0.10 sec
----------------------------------------------------------
Test Passed.
"adf_test" end time: Sep 09 21:09 India Standard Time
"adf_test" time elapsed: 00:00:00
----------------------------------------------------------

12/23 Testing: adf_inference_test
12/23 Test: adf_inference_test
Command: "C:/Users/sonu/Desktop/Quant/p1/build/adf_inference_test.exe"
Directory: C:/Users/sonu/Desktop/Quant/p1/build
"adf_inference_test" start time: Sep 09 21:09 India Standard Time
Output:
----------------------------------------------------------
<end of output>
Test time =   0.08 sec
----------------------------------------------------------
Test Passed.
"adf_inference_test" end time: Sep 09 21:09 India Standard Time
"adf_inference_test" time elapsed: 00:00:00
----------------------------------------------------------

13/23 Testing: cointegration_test
13/23 Test: cointegration_test
Command: "C:/Users/sonu/Desktop/Quant/p1/build/cointegration_test.exe"
Directory: C:/Users/sonu/Desktop/Quant/p1/build
"cointegration_test" start time: Sep 09 21:09 India Standard Time
Output:
----------------------------------------------------------
<end of output>
Test time =   0.11 sec
----------------------------------------------------------
Test Passed.
"cointegration_test" end time: Sep 09 21:09 India Standard Time
"cointegration_test" time elapsed: 00:00:00
----------------------------------------------------------

14/23 Testing: rolling_spread_test
14/23 Test: rolling_spread_test
Command: "C:/Users/sonu/Desktop/Quant/p1/build/rolling_spread_test.exe"
Directory: C:/Users/sonu/Desktop/Quant/p1/build
"rolling_spread_test" start time: Sep 09 21:09 India Standard Time
Output:
----------------------------------------------------------
<end of output>
Test time =   0.10 sec
----------------------------------------------------------
Test Passed.
"rolling_spread_test" end time: Sep 09 21:09 India Standard Time
"rolling_spread_test" time elapsed: 00:00:00
----------------------------------------------------------

15/23 Testing: rolling_regression_test
15/23 Test: rolling_regression_test
Command: "C:/Users/sonu/Desktop/Quant/p1/build/rolling_regression_test.exe"
Directory: C:/Users/sonu/Desktop/Quant/p1/build
"rolling_regression_test" start time: Sep 09 21:09 India Standard Time
Output:
----------------------------------------------------------
<end of output>
Test time =   0.10 sec
----------------------------------------------------------
Test Passed.
"rolling_regression_test" end time: Sep 09 21:09 India Standard Time
"rolling_regression_test" time elapsed: 00:00:00
----------------------------------------------------------

16/23 Testing: rolling_zscore_test
16/23 Test: rolling_zscore_test
Command: "C:/Users/sonu/Desktop/Quant/p1/build/rolling_zscore_test.exe"
Directory: C:/Users/sonu/Desktop/Quant/p1/build
"rolling_zscore_test" start time: Sep 09 21:09 India Standard Time
Output:
----------------------------------------------------------
<end of output>
Test time =   0.09 sec
----------------------------------------------------------
Test Passed.
"rolling_zscore_test" end time: Sep 09 21:09 India Standard Time
"rolling_zscore_test" time elapsed: 00:00:00
----------------------------------------------------------

17/23 Testing: pairs_signal_test
17/23 Test: pairs_signal_test
Command: "C:/Users/sonu/Desktop/Quant/p1/build/pairs_signal_test.exe"
Directory: C:/Users/sonu/Desktop/Quant/p1/build
"pairs_signal_test" start time: Sep 09 21:09 India Standard Time
Output:
----------------------------------------------------------
<end of output>
Test time =   0.09 sec
----------------------------------------------------------
Test Passed.
"pairs_signal_test" end time: Sep 09 21:09 India Standard Time
"pairs_signal_test" time elapsed: 00:00:00
----------------------------------------------------------

18/23 Testing: pair_position_test
18/23 Test: pair_position_test
Command: "C:/Users/sonu/Desktop/Quant/p1/build/pair_position_test.exe"
Directory: C:/Users/sonu/Desktop/Quant/p1/build
"pair_position_test" start time: Sep 09 21:09 India Standard Time
Output:
----------------------------------------------------------
<end of output>
Test time =   0.08 sec
----------------------------------------------------------
Test Passed.
"pair_position_test" end time: Sep 09 21:09 India Standard Time
"pair_position_test" time elapsed: 00:00:00
----------------------------------------------------------

19/23 Testing: pnl_test
19/23 Test: pnl_test
Command: "C:/Users/sonu/Desktop/Quant/p1/build/pnl_test.exe"
Directory: C:/Users/sonu/Desktop/Quant/p1/build
"pnl_test" start time: Sep 09 21:09 India Standard Time
Output:
----------------------------------------------------------
<end of output>
Test time =   0.08 sec
----------------------------------------------------------
Test Passed.
"pnl_test" end time: Sep 09 21:09 India Standard Time
"pnl_test" time elapsed: 00:00:00
----------------------------------------------------------

20/23 Testing: transaction_cost_test
20/23 Test: transaction_cost_test
Command: "C:/Users/sonu/Desktop/Quant/p1/build/transaction_cost_test.exe"
Directory: C:/Users/sonu/Desktop/Quant/p1/build
"transaction_cost_test" start time: Sep 09 21:09 India Standard Time
Output:
----------------------------------------------------------
<end of output>
Test time =   0.08 sec
----------------------------------------------------------
Test Passed.
"transaction_cost_test" end time: Sep 09 21:09 India Standard Time
"transaction_cost_test" time elapsed: 00:00:00
----------------------------------------------------------

21/23 Testing: backtest_test
21/23 Test: backtest_test
Command: "C:/Users/sonu/Desktop/Quant/p1/build/backtest_test.exe"
Directory: C:/Users/sonu/Desktop/Quant/p1/build
"backtest_test" start time: Sep 09 21:09 India Standard Time
Output:
----------------------------------------------------------
<end of output>
Test time =   0.09 sec
----------------------------------------------------------
Test Passed.
"backtest_test" end time: Sep 09 21:09 India Standard Time
"backtest_test" time elapsed: 00:00:00
----------------------------------------------------------

22/23 Testing: performance_test
22/23 Test: performance_test
Command: "C:/Users/sonu/Desktop/Quant/p1/build/performance_test.exe"
Directory: C:/Users/sonu/Desktop/Quant/p1/build
"performance_test" start time: Sep 09 21:09 India Standard Time
Output:
----------------------------------------------------------
<end of output>
Test time =   0.09 sec
----------------------------------------------------------
Test Passed.
"performance_test" end time: Sep 09 21:09 India Standard Time
"performance_test" time elapsed: 00:00:00
----------------------------------------------------------

23/23 Testing: csv_reader_test
23/23 Test: csv_reader_test
Command: "C:/Users/sonu/Desktop/Quant/p1/build/csv_reader_test.exe"
Directory: C:/Users/sonu/Desktop/Quant/p1/build
"csv_reader_test" start time: Sep 09 21:09 India Standard Time
Output:
----------------------------------------------------------
<end of output>
Test time =   0.24 sec
----------------------------------------------------------
Test Passed.
"csv_reader_test" end time: Sep 09 21:09 India Standard Time
"csv_reader_test" time elapsed: 00:00:00
----------------------------------------------------------

End testing: Sep 09 21:09 India Standard Time
