<?xml version="1.0" encoding="UTF-8"?>
<Site BuildName="(empty)"
	BuildStamp="20260907-1642-Experimental"
	Name="(empty)"
	Generator="ctest-4.4.3"
	CompilerName=""
	CompilerVersion=""
	OSName="Windows"
	Hostname="DESKTOP-Q8QG01D"
	OSRelease="10.0.19045"
	OSVersion="Windows 10"
	OSPlatform="AMD64"
	Is64Bits="1"
	VendorString="GenuineIntel"
	VendorID="Intel Corporation"
	FamilyID="6"
	ModelID="10"
	ModelName=""
	ProcessorCacheSize="-1"
	NumberOfLogicalCPU="4"
	NumberOfPhysicalCPU="4"
	TotalVirtualMemory="1920"
	TotalPhysicalMemory="8077"
	LogicalProcessorsPerPhysical="1"
	ProcessorClockFrequency="2501.000000"
	>
	<Testing>
		<StartDateTime>Sep 07 22:12 India Standard Time</StartDateTime>
		<StartTestTime>1788799352</StartTestTime>
		<TestList/>
		<EndDateTime>Sep 07 22:12 India Standard Time</EndDateTime>
		<EndTestTime>1788799352</EndTestTime>
		<ElapsedMinutes>0</ElapsedMinutes>
	</Testing>
</Site>
